<?xml version="1.0" encoding="UTF-8"?>
<!-- Generated by org.testng.reporters.JUnitReportReporter -->
<testsuite skipped="0" hostname="ajha-inl" name="com.shop.tests.LoginPageTest" tests="4" failures="0" timestamp="20 Jun 2021 17:27:50 GMT" time="72.719" errors="0">
  <testcase name="verifyLoginPageTitle" time="18.542" classname="com.shop.tests.LoginPageTest"/>
  <testcase name="verifyAlreadyRegisteredText" time="15.466" classname="com.shop.tests.LoginPageTest"/>
  <testcase name="verifyLoginTest" time="18.487" classname="com.shop.tests.LoginPageTest"/>
  <testcase name="verifyAccountCreationTest" time="20.224" classname="com.shop.tests.LoginPageTest"/>
</testsuite> <!-- com.shop.tests.LoginPageTest -->
