<?xml version="1.0" encoding="UTF-8"?>
<!-- Generated by org.testng.reporters.JUnitReportReporter -->
<testsuite skipped="0" hostname="ajha-inl" name="com.shop.tests.IndexPageTest" tests="5" failures="0" timestamp="20 Jun 2021 06:47:20 GMT" time="81.273" errors="0">
  <testcase name="verifyPageTitle" time="15.689" classname="com.shop.tests.IndexPageTest"/>
  <testcase name="verifyPageCurrentURL" time="15.216" classname="com.shop.tests.IndexPageTest"/>
  <testcase name="verifyImageLogo" time="13.811" classname="com.shop.tests.IndexPageTest"/>
  <testcase name="verifyClickOnSignIn" time="19.896" classname="com.shop.tests.IndexPageTest"/>
  <testcase name="verifyClickContactUS" time="16.661" classname="com.shop.tests.IndexPageTest"/>
</testsuite> <!-- com.shop.tests.IndexPageTest -->
